<!DOCTYPE html PUBLIC "-//W3C//DTD XHTML 1.1//EN" "https://www.w3.org/TR/xhtml11/DTD/xhtml11.dtd">
<html xmlns="https://www.w3.org/1999/xhtml">
<head>
<meta http-equiv="content-type" content="text/html; charset=UTF-8"/>
<title>TestNG Report</title>
<style type="text/css">table {margin-bottom:10px;border-collapse:collapse;empty-cells:show}th,td {border:1px solid #009;padding:.25em .5em}th {vertical-align:bottom}td {vertical-align:top}table a {font-weight:bold}.stripe td {background-color: #E6EBF9}.num {text-align:right}.passedodd td {background-color: #3F3}.passedeven td {background-color: #0A0}.skippedodd td {background-color: #DDD}.skippedeven td {background-color: #CCC}.failedodd td,.attn {background-color: #F33}.failedeven td,.stripe .attn {background-color: #D00}.stacktrace {white-space:pre;font-family:monospace}.totop {font-size:85%;text-align:center;border-bottom:2px solid #000}.invisible {display:none}</style>
</head>
<body>
<table>
<tr><th>Test</th><th># Passed</th><th># Skipped</th><th># Retried</th><th># Failed</th><th>Time (ms)</th><th>Included Groups</th><th>Excluded Groups</th></tr>
<tr><th colspan="8">FakeStoreAPITestSuite</th></tr>
<tr><td><a href="#t0">API Tests</a></td><td class="num">12</td><td class="num">0</td><td class="num">0</td><td class="num attn">6</td><td class="num">7,532</td><td></td><td></td></tr>
</table>
<table id='summary'><thead><tr><th>Class</th><th>Method</th><th>Start</th><th>Time (ms)</th></tr></thead><tbody><tr><th colspan="4">FakeStoreAPITestSuite</th></tr></tbody><tbody id="t0"><tr><th colspan="4">API Tests &#8212; failed</th></tr><tr class="failedeven"><td rowspan="3">qa.fakestore.tests.AuthenticationTests</td><td><a href="#m0">testEmptyCredentials</a></td><td rowspan="1">1755374775715</td><td rowspan="1">227</td></tr><tr class="failedeven"><td><a href="#m1">testInvalidLogin</a></td><td rowspan="1">1755374775065</td><td rowspan="1">634</td></tr><tr class="failedeven"><td><a href="#m2">testValidLogin</a></td><td rowspan="1">1755374773291</td><td rowspan="1">1757</td></tr><tr class="failedodd"><td rowspan="1">qa.fakestore.tests.CartTests</td><td><a href="#m3">testAddNewCart</a></td><td rowspan="1">1755374775065</td><td rowspan="1">349</td></tr><tr class="failedeven"><td rowspan="2">qa.fakestore.tests.ProductAPITests</td><td><a href="#m4">testAddNewProduct</a></td><td rowspan="1">1755374777472</td><td rowspan="1">302</td></tr><tr class="failedeven"><td><a href="#m5">testGetNonExistentProduct</a></td><td rowspan="1">1755374778359</td><td rowspan="1">224</td></tr><tr><th colspan="4">API Tests &#8212; passed</th></tr><tr class="passedeven"><td rowspan="1">qa.fakestore.tests.CartTests</td><td><a href="#m6">testGetAllCarts</a></td><td rowspan="1">1755374773291</td><td rowspan="1">1745</td></tr><tr class="passedodd"><td rowspan="11">qa.fakestore.tests.ProductAPITests</td><td><a href="#m7">testAPIPerformance</a></td><td rowspan="1">1755374778823</td><td rowspan="1">1061</td></tr><tr class="passedodd"><td><a href="#m8">testDeleteProduct</a></td><td rowspan="1">1755374778021</td><td rowspan="1">329</td></tr><tr class="passedodd"><td><a href="#m9">testGetAllProducts</a></td><td rowspan="1">1755374773291</td><td rowspan="1">2166</td></tr><tr class="passedodd"><td><a href="#m10">testGetCategories</a></td><td rowspan="1">1755374775705</td><td rowspan="1">306</td></tr><tr class="passedodd"><td><a href="#m11">testGetProductsByCategory</a></td><td rowspan="4">1755374777076</td><td rowspan="4">390</td></tr><tr class="passedodd"><td><a href="#m12">testGetProductsByCategory</a></td></tr><tr class="passedodd"><td><a href="#m13">testGetProductsByCategory</a></td></tr><tr class="passedodd"><td><a href="#m14">testGetProductsByCategory</a></td></tr><tr class="passedodd"><td><a href="#m15">testGetSingleProduct</a></td><td rowspan="1">1755374775463</td><td rowspan="1">229</td></tr><tr class="passedodd"><td><a href="#m16">testProductDataIntegrity</a></td><td rowspan="1">1755374778589</td><td rowspan="1">228</td></tr><tr class="passedodd"><td><a href="#m17">testUpdateProduct</a></td><td rowspan="1">1755374777784</td><td rowspan="1">227</td></tr></tbody>
</table>
<h2>API Tests</h2><h3 id="m0">qa.fakestore.tests.AuthenticationTests#testEmptyCredentials</h3><table class="result"><tr><th>Exception</th></tr><tr><td><div class="stacktrace">java.lang.AssertionError: Status code should be 200 expected [200] but found [400]
	at qa.fakestore.tests.AuthenticationTests.testEmptyCredentials(AuthenticationTests.java:96)
	at java.base/java.util.concurrent.ThreadPoolExecutor.runWorker(ThreadPoolExecutor.java:1144)
	at java.base/java.util.concurrent.ThreadPoolExecutor$Worker.run(ThreadPoolExecutor.java:642)
	at java.base/java.lang.Thread.run(Thread.java:1623)
... Removed 16 stack frames</div></td></tr></table><p class="totop"><a href="#summary">back to summary</a></p>
<h3 id="m1">qa.fakestore.tests.AuthenticationTests#testInvalidLogin</h3><table class="result"><tr><th>Exception</th></tr><tr><td><div class="stacktrace">java.lang.AssertionError: Status code should be 200 expected [200] but found [401]
	at qa.fakestore.tests.AuthenticationTests.testInvalidLogin(AuthenticationTests.java:65)
	at java.base/java.util.concurrent.ThreadPoolExecutor.runWorker(ThreadPoolExecutor.java:1144)
	at java.base/java.util.concurrent.ThreadPoolExecutor$Worker.run(ThreadPoolExecutor.java:642)
	at java.base/java.lang.Thread.run(Thread.java:1623)
... Removed 16 stack frames</div></td></tr></table><p class="totop"><a href="#summary">back to summary</a></p>
<h3 id="m2">qa.fakestore.tests.AuthenticationTests#testValidLogin</h3><table class="result"><tr><th>Exception</th></tr><tr><td><div class="stacktrace">java.lang.AssertionError: Status code should be 200 expected [200] but found [201]
	at qa.fakestore.tests.AuthenticationTests.testValidLogin(AuthenticationTests.java:29)
	at java.base/java.util.concurrent.ThreadPoolExecutor.runWorker(ThreadPoolExecutor.java:1144)
	at java.base/java.util.concurrent.ThreadPoolExecutor$Worker.run(ThreadPoolExecutor.java:642)
	at java.base/java.lang.Thread.run(Thread.java:1623)
... Removed 16 stack frames</div></td></tr></table><p class="totop"><a href="#summary">back to summary</a></p>
<h3 id="m3">qa.fakestore.tests.CartTests#testAddNewCart</h3><table class="result"><tr><th>Exception</th></tr><tr><td><div class="stacktrace">java.lang.AssertionError: 1 expectation failed.
Expected status code &lt;200&gt; but was &lt;201&gt;.

	at org.codehaus.groovy.runtime.callsite.ConstructorSite$ConstructorSiteNoUnwrapNoCoerce.callConstructor(ConstructorSite.java:108)
	at org.codehaus.groovy.runtime.callsite.CallSiteArray.defaultCallConstructor(CallSiteArray.java:57)
	at org.codehaus.groovy.runtime.callsite.AbstractCallSite.callConstructor(AbstractCallSite.java:263)
	at org.codehaus.groovy.runtime.callsite.AbstractCallSite.callConstructor(AbstractCallSite.java:277)
	at io.restassured.internal.ResponseSpecificationImpl$HamcrestAssertionClosure.validate(ResponseSpecificationImpl.groovy:512)
	at io.restassured.internal.ResponseSpecificationImpl$HamcrestAssertionClosure$validate$4.call(Unknown Source)
	at io.restassured.internal.ResponseSpecificationImpl.validateResponseIfRequired(ResponseSpecificationImpl.groovy:696)
	at io.restassured.internal.ResponseSpecificationImpl.this$2$validateResponseIfRequired(ResponseSpecificationImpl.groovy)
	at org.codehaus.groovy.runtime.callsite.PlainObjectMetaMethodSite.doInvoke(PlainObjectMetaMethodSite.java:43)
	at org.codehaus.groovy.runtime.callsite.PogoMetaMethodSite$PogoCachedMethodSiteNoUnwrapNoCoerce.invoke(PogoMetaMethodSite.java:198)
	at org.codehaus.groovy.runtime.callsite.PogoMetaMethodSite.callCurrent(PogoMetaMethodSite.java:62)
	at org.codehaus.groovy.runtime.callsite.AbstractCallSite.callCurrent(AbstractCallSite.java:185)
	at io.restassured.internal.ResponseSpecificationImpl.statusCode(ResponseSpecificationImpl.groovy:135)
	at io.restassured.specification.ResponseSpecification$statusCode$6.callCurrent(Unknown Source)
	at io.restassured.internal.ResponseSpecificationImpl.statusCode(ResponseSpecificationImpl.groovy:143)
	at io.restassured.internal.ValidatableResponseOptionsImpl.statusCode(ValidatableResponseOptionsImpl.java:89)
	at qa.fakestore.base.BaseTest.validateSuccessResponse(BaseTest.java:42)
	at qa.fakestore.tests.CartTests.testAddNewCart(CartTests.java:63)
	at java.base/java.util.concurrent.ThreadPoolExecutor.runWorker(ThreadPoolExecutor.java:1144)
	at java.base/java.util.concurrent.ThreadPoolExecutor$Worker.run(ThreadPoolExecutor.java:642)
	at java.base/java.lang.Thread.run(Thread.java:1623)
... Removed 16 stack frames</div></td></tr></table><p class="totop"><a href="#summary">back to summary</a></p>
<h3 id="m4">qa.fakestore.tests.ProductAPITests#testAddNewProduct</h3><table class="result"><tr><th>Exception</th></tr><tr><td><div class="stacktrace">java.lang.AssertionError: 1 expectation failed.
Expected status code &lt;200&gt; but was &lt;201&gt;.

	at org.codehaus.groovy.runtime.callsite.ConstructorSite$ConstructorSiteNoUnwrapNoCoerce.callConstructor(ConstructorSite.java:108)
	at org.codehaus.groovy.runtime.callsite.AbstractCallSite.callConstructor(AbstractCallSite.java:277)
	at io.restassured.internal.ResponseSpecificationImpl$HamcrestAssertionClosure.validate(ResponseSpecificationImpl.groovy:512)
	at io.restassured.internal.ResponseSpecificationImpl$HamcrestAssertionClosure$validate$4.call(Unknown Source)
	at io.restassured.internal.ResponseSpecificationImpl.validateResponseIfRequired(ResponseSpecificationImpl.groovy:696)
	at io.restassured.internal.ResponseSpecificationImpl.this$2$validateResponseIfRequired(ResponseSpecificationImpl.groovy)
	at org.codehaus.groovy.runtime.callsite.PlainObjectMetaMethodSite.doInvoke(PlainObjectMetaMethodSite.java:43)
	at org.codehaus.groovy.runtime.callsite.PogoMetaMethodSite$PogoCachedMethodSiteNoUnwrapNoCoerce.invoke(PogoMetaMethodSite.java:198)
	at org.codehaus.groovy.runtime.callsite.PogoMetaMethodSite.callCurrent(PogoMetaMethodSite.java:62)
	at org.codehaus.groovy.runtime.callsite.AbstractCallSite.callCurrent(AbstractCallSite.java:185)
	at io.restassured.internal.ResponseSpecificationImpl.statusCode(ResponseSpecificationImpl.groovy:135)
	at io.restassured.specification.ResponseSpecification$statusCode$6.callCurrent(Unknown Source)
	at io.restassured.internal.ResponseSpecificationImpl.statusCode(ResponseSpecificationImpl.groovy:143)
	at io.restassured.internal.ValidatableResponseOptionsImpl.statusCode(ValidatableResponseOptionsImpl.java:89)
	at qa.fakestore.base.BaseTest.validateSuccessResponse(BaseTest.java:42)
	at qa.fakestore.tests.ProductAPITests.testAddNewProduct(ProductAPITests.java:126)
	at java.base/java.util.concurrent.ThreadPoolExecutor.runWorker(ThreadPoolExecutor.java:1144)
	at java.base/java.util.concurrent.ThreadPoolExecutor$Worker.run(ThreadPoolExecutor.java:642)
	at java.base/java.lang.Thread.run(Thread.java:1623)
... Removed 16 stack frames</div></td></tr></table><p class="totop"><a href="#summary">back to summary</a></p>
<h3 id="m5">qa.fakestore.tests.ProductAPITests#testGetNonExistentProduct</h3><table class="result"><tr><th>Exception</th></tr><tr><td><div class="stacktrace">java.lang.AssertionError: Response should be null for non-existent product expected [null] but found []
	at qa.fakestore.tests.ProductAPITests.testGetNonExistentProduct(ProductAPITests.java:193)
	at java.base/java.util.concurrent.ThreadPoolExecutor.runWorker(ThreadPoolExecutor.java:1144)
	at java.base/java.util.concurrent.ThreadPoolExecutor$Worker.run(ThreadPoolExecutor.java:642)
	at java.base/java.lang.Thread.run(Thread.java:1623)
... Removed 15 stack frames</div></td></tr></table><p class="totop"><a href="#summary">back to summary</a></p>
<h3 id="m6">qa.fakestore.tests.CartTests#testGetAllCarts</h3><table class="result"><tr><th class="invisible"/></tr></table><p class="totop"><a href="#summary">back to summary</a></p>
<h3 id="m7">qa.fakestore.tests.ProductAPITests#testAPIPerformance</h3><table class="result"><tr><th class="invisible"/></tr></table><p class="totop"><a href="#summary">back to summary</a></p>
<h3 id="m8">qa.fakestore.tests.ProductAPITests#testDeleteProduct</h3><table class="result"><tr><th class="invisible"/></tr></table><p class="totop"><a href="#summary">back to summary</a></p>
<h3 id="m9">qa.fakestore.tests.ProductAPITests#testGetAllProducts</h3><table class="result"><tr><th class="invisible"/></tr></table><p class="totop"><a href="#summary">back to summary</a></p>
<h3 id="m10">qa.fakestore.tests.ProductAPITests#testGetCategories</h3><table class="result"><tr><th class="invisible"/></tr></table><p class="totop"><a href="#summary">back to summary</a></p>
<h3 id="m11">qa.fakestore.tests.ProductAPITests#testGetProductsByCategory</h3><table class="result"><tr class="param"><th>Parameter #1</th></tr><tr class="param stripe"><td>women&apos;s clothing</td></tr></table><p class="totop"><a href="#summary">back to summary</a></p>
<h3 id="m12">qa.fakestore.tests.ProductAPITests#testGetProductsByCategory</h3><table class="result"><tr class="param"><th>Parameter #1</th></tr><tr class="param stripe"><td>jewelery</td></tr></table><p class="totop"><a href="#summary">back to summary</a></p>
<h3 id="m13">qa.fakestore.tests.ProductAPITests#testGetProductsByCategory</h3><table class="result"><tr class="param"><th>Parameter #1</th></tr><tr class="param stripe"><td>electronics</td></tr></table><p class="totop"><a href="#summary">back to summary</a></p>
<h3 id="m14">qa.fakestore.tests.ProductAPITests#testGetProductsByCategory</h3><table class="result"><tr class="param"><th>Parameter #1</th></tr><tr class="param stripe"><td>men&apos;s clothing</td></tr></table><p class="totop"><a href="#summary">back to summary</a></p>
<h3 id="m15">qa.fakestore.tests.ProductAPITests#testGetSingleProduct</h3><table class="result"><tr><th class="invisible"/></tr></table><p class="totop"><a href="#summary">back to summary</a></p>
<h3 id="m16">qa.fakestore.tests.ProductAPITests#testProductDataIntegrity</h3><table class="result"><tr><th class="invisible"/></tr></table><p class="totop"><a href="#summary">back to summary</a></p>
<h3 id="m17">qa.fakestore.tests.ProductAPITests#testUpdateProduct</h3><table class="result"><tr><th class="invisible"/></tr></table><p class="totop"><a href="#summary">back to summary</a></p>
</body>
</html>
